\BOOKMARK [0][-]{dummy.1}{\376\377\000A\000c\000k\000n\000o\000w\000l\000e\000d\000g\000e\000m\000e\000n\000t\000s}{}% 1
\BOOKMARK [0][-]{dummy.3}{\376\377\000L\000i\000s\000t\000\040\000o\000f\000\040\000F\000i\000g\000u\000r\000e\000s}{}% 2
\BOOKMARK [0][-]{dummy.5}{\376\377\000L\000i\000s\000t\000\040\000o\000f\000\040\000T\000a\000b\000l\000e\000s}{}% 3
\BOOKMARK [0][-]{dummy.7}{\376\377\000A\000b\000b\000r\000e\000v\000i\000a\000t\000i\000o\000n\000s}{}% 4
\BOOKMARK [0][-]{dummy.10}{\376\377\000P\000h\000y\000s\000i\000c\000a\000l\000\040\000C\000o\000n\000s\000t\000a\000n\000t\000s}{}% 5
\BOOKMARK [0][-]{dummy.13}{\376\377\000S\000y\000m\000b\000o\000l\000s}{}% 6
\BOOKMARK [0][-]{chapter.16}{\376\377\0001\000\040\000I\000n\000t\000r\000o\000d\000u\000c\000t\000i\000o\000n}{}% 7
\BOOKMARK [1][-]{section.17}{\376\377\0001\000.\0001\000\040\000T\000h\000e\000s\000i\000s\000\040\000O\000b\000j\000e\000c\000t\000i\000v\000e\000s}{chapter.16}% 8
\BOOKMARK [1][-]{section.18}{\376\377\0001\000.\0002\000\040\000T\000h\000e\000s\000i\000s\000\040\000O\000v\000e\000r\000v\000i\000e\000w}{chapter.16}% 9
\BOOKMARK [1][-]{section.19}{\376\377\0001\000.\0003\000\040\000C\000o\000n\000t\000r\000i\000b\000u\000t\000i\000o\000n\000s}{chapter.16}% 10
\BOOKMARK [1][-]{section.20}{\376\377\0001\000.\0004\000\040\000B\000a\000c\000k\000g\000r\000o\000u\000n\000d}{chapter.16}% 11
\BOOKMARK [0][-]{chapter.22}{\376\377\0002\000\040\000T\000h\000e\000o\000r\000y}{}% 12
\BOOKMARK [1][-]{section.23}{\376\377\0002\000.\0001\000\040\000C\000a\000r\000r\000i\000e\000r\000\040\000T\000r\000a\000n\000s\000p\000o\000r\000t\000\040\000E\000q\000u\000a\000t\000i\000o\000n\000s}{chapter.22}% 13
\BOOKMARK [1][-]{section.49}{\376\377\0002\000.\0002\000\040\000A\000n\000a\000l\000y\000t\000i\000c\000\040\000S\000o\000l\000u\000t\000i\000o\000n\000s}{chapter.22}% 14
\BOOKMARK [2][-]{subsection.50}{\376\377\0002\000.\0002\000.\0001\000\040\000S\000t\000e\000a\000d\000y\000\040\000S\000t\000a\000t\000e\000\040\000S\000o\000l\000u\000t\000i\000o\000n\000\040\000O\000v\000e\000r\000\040\000a\000\040\000F\000i\000n\000i\000t\000e\000\040\000D\000o\000m\000a\000i\000n}{section.49}% 15
\BOOKMARK [2][-]{subsection.62}{\376\377\0002\000.\0002\000.\0002\000\040\000T\000r\000a\000n\000s\000i\000e\000n\000t\000\040\000S\000o\000l\000u\000t\000i\000o\000n\000\040\000O\000v\000e\000r\000\040\000a\000n\000\040\000I\000n\000f\000i\000n\000i\000t\000e\000\040\000D\000o\000m\000a\000i\000n}{section.49}% 16
\BOOKMARK [2][-]{subsection.86}{\376\377\0002\000.\0002\000.\0003\000\040\000P\000N\000\040\000J\000u\000n\000c\000t\000i\000o\000n}{section.49}% 17
\BOOKMARK [0][-]{chapter.106}{\376\377\0003\000\040\000N\000u\000m\000e\000r\000i\000c\000a\000l\000\040\000S\000o\000l\000u\000t\000i\000o\000n\000\040\000o\000f\000\040\000D\000r\000i\000f\000t\000-\000D\000i\000f\000f\000u\000s\000i\000o\000n\000\040\000a\000n\000d\000\040\000P\000o\000i\000s\000s\000o\000n\000'\000s\000\040\000E\000q\000u\000a\000t\000i\000o\000n}{}% 18
\BOOKMARK [1][-]{section.107}{\376\377\0003\000.\0001\000\040\000F\000i\000n\000i\000t\000e\000\040\000D\000i\000f\000f\000e\000r\000e\000n\000c\000e\000\040\000M\000e\000t\000h\000o\000d}{chapter.106}% 19
\BOOKMARK [1][-]{section.122}{\376\377\0003\000.\0002\000\040\000P\000o\000i\000s\000s\000o\000n\000\040\000S\000o\000l\000v\000e\000r}{chapter.106}% 20
\BOOKMARK [1][-]{section.135}{\376\377\0003\000.\0003\000\040\000C\000u\000r\000r\000e\000n\000t\000\040\000D\000e\000n\000s\000i\000t\000y\000\040\000E\000q\000u\000a\000t\000i\000o\000n\000s}{chapter.106}% 21
\BOOKMARK [2][-]{subsection.142}{\376\377\0003\000.\0003\000.\0001\000\040\000C\000o\000n\000t\000i\000n\000u\000i\000t\000y\000\040\000E\000q\000u\000a\000t\000i\000o\000n}{section.135}% 22
\BOOKMARK [1][-]{section.156}{\376\377\0003\000.\0004\000\040\000S\000t\000a\000b\000i\000l\000i\000t\000y\000\040\000a\000n\000d\000\040\000C\000o\000m\000p\000u\000t\000a\000t\000i\000o\000n\000a\000l\000\040\000E\000f\000f\000i\000c\000i\000e\000n\000c\000y}{chapter.106}% 23
\BOOKMARK [2][-]{subsection.157}{\376\377\0003\000.\0004\000.\0001\000\040\000P\000h\000y\000s\000i\000c\000a\000l\000\040\000L\000i\000m\000i\000t\000a\000t\000i\000o\000n\000s}{section.156}% 24
\BOOKMARK [2][-]{subsection.160}{\376\377\0003\000.\0004\000.\0002\000\040\000N\000u\000m\000e\000r\000i\000c\000a\000l\000\040\000L\000i\000m\000i\000t\000a\000t\000i\000o\000n\000s}{section.156}% 25
\BOOKMARK [2][-]{subsection.163}{\376\377\0003\000.\0004\000.\0003\000\040\000E\000x\000p\000l\000i\000c\000i\000t\000\040\000v\000s\000.\000\040\000I\000m\000p\000l\000i\000c\000i\000t\000\040\000S\000o\000l\000u\000t\000i\000o\000n}{section.156}% 26
\BOOKMARK [1][-]{section.164}{\376\377\0003\000.\0005\000\040\000S\000i\000m\000u\000l\000a\000t\000i\000o\000n\000\040\000P\000r\000o\000c\000e\000d\000u\000r\000e}{chapter.106}% 27
\BOOKMARK [0][-]{chapter.166}{\376\377\0004\000\040\000S\000i\000m\000u\000l\000a\000t\000i\000o\000n\000\040\000o\000f\000\040\000a\000\040\000M\000e\000m\000r\000i\000s\000t\000o\000r\000\040\000a\000s\000\040\000a\000\040\000C\000o\000u\000p\000l\000e\000d\000\040\000E\000l\000e\000c\000t\000r\000o\000n\000i\000c\000\040\000D\000e\000v\000i\000c\000e}{}% 28
\BOOKMARK [1][-]{section.175}{\376\377\0004\000.\0001\000\040\000M\000e\000m\000r\000i\000s\000t\000o\000r\000\040\000S\000t\000r\000u\000c\000t\000u\000r\000e\000\040\000a\000n\000d\000\040\000I\000n\000i\000t\000i\000a\000l\000\040\000C\000o\000n\000d\000i\000t\000i\000o\000n\000s}{chapter.166}% 29
\BOOKMARK [1][-]{section.177}{\376\377\0004\000.\0002\000\040\000B\000o\000u\000n\000d\000a\000r\000y\000\040\000C\000o\000n\000d\000i\000t\000i\000o\000n\000s\000\040\000o\000f\000\040\000t\000h\000e\000\040\000M\000e\000m\000r\000i\000s\000t\000o\000r\000\040\000M\000o\000d\000e\000l}{chapter.166}% 30
\BOOKMARK [2][-]{subsection.178}{\376\377\0004\000.\0002\000.\0001\000\040\000D\000r\000i\000f\000t\000\040\000D\000i\000f\000f\000u\000s\000i\000o\000n\000\040\000E\000q\000u\000a\000t\000i\000o\000n\000s}{section.177}% 31
\BOOKMARK [2][-]{subsection.182}{\376\377\0004\000.\0002\000.\0002\000\040\000M\000e\000t\000a\000l\000\040\000C\000o\000n\000t\000a\000c\000t\000s}{section.177}% 32
\BOOKMARK [2][-]{subsection.191}{\376\377\0004\000.\0002\000.\0003\000\040\000P\000o\000i\000s\000s\000o\000n\000'\000s\000\040\000E\000q\000u\000a\000t\000i\000o\000n}{section.177}% 33
\BOOKMARK [1][-]{section.197}{\376\377\0004\000.\0003\000\040\000S\000i\000m\000u\000l\000a\000t\000i\000o\000n\000\040\000R\000e\000q\000u\000i\000r\000e\000m\000e\000n\000t\000s}{chapter.166}% 34
\BOOKMARK [0][-]{chapter.199}{\376\377\0005\000\040\000T\000e\000s\000t\000i\000n\000g\000\040\000T\000h\000e\000\040\000D\000r\000i\000f\000t\000\040\000D\000i\000f\000f\000u\000s\000i\000o\000n\000\040\000S\000o\000l\000v\000e\000r}{}% 35
\BOOKMARK [1][-]{section.200}{\376\377\0005\000.\0001\000\040\000S\000o\000l\000u\000t\000i\000o\000n\000\040\000f\000o\000r\000\040\000C\000l\000o\000s\000e\000d\000\040\000B\000o\000u\000n\000d\000a\000r\000y}{chapter.199}% 36
\BOOKMARK [1][-]{section.205}{\376\377\0005\000.\0002\000\040\000S\000o\000l\000u\000t\000i\000o\000n\000s\000\040\000f\000o\000r\000\040\000O\000p\000e\000n\000\040\000B\000o\000u\000n\000d\000a\000r\000y}{chapter.199}% 37
\BOOKMARK [1][-]{section.207}{\376\377\0005\000.\0003\000\040\000P\000N\000\040\000J\000u\000n\000c\000t\000i\000o\000n}{chapter.199}% 38
\BOOKMARK [1][-]{section.212}{\376\377\0005\000.\0004\000\040\000R\000e\000g\000i\000o\000n\000\040\000S\000p\000e\000c\000i\000f\000i\000c\000\040\000P\000a\000r\000t\000i\000c\000l\000e\000\040\000D\000e\000n\000s\000i\000t\000y\000\040\000L\000i\000m\000i\000t}{chapter.199}% 39
\BOOKMARK [0][-]{chapter.223}{\376\377\0006\000\040\0001\000-\000D\000\040\000M\000e\000m\000r\000i\000s\000t\000o\000r\000\040\000S\000i\000m\000u\000l\000a\000t\000i\000o\000n}{}% 40
\BOOKMARK [1][-]{section.224}{\376\377\0006\000.\0001\000\040\0001\000-\000D\000\040\000M\000e\000m\000r\000i\000s\000t\000o\000r\000\040\000A\000p\000p\000r\000o\000x\000i\000m\000a\000t\000i\000o\000n}{chapter.223}% 41
\BOOKMARK [1][-]{section.226}{\376\377\0006\000.\0002\000\040\0001\000-\000D\000\040\000M\000e\000m\000r\000i\000s\000t\000o\000r\000\040\000S\000i\000m\000u\000l\000a\000t\000i\000o\000n\000s}{chapter.223}% 42
\BOOKMARK [2][-]{subsection.227}{\376\377\0006\000.\0002\000.\0001\000\040\0001\000-\000D\000\040\000M\000e\000m\000r\000i\000s\000t\000o\000r\000\040\000S\000i\000m\000u\000l\000a\000t\000i\000o\000n\000\040\000U\000s\000i\000n\000g\000\040\000a\000\040\000P\000o\000t\000e\000n\000t\000i\000a\000l\000\040\000P\000u\000l\000s\000e\000\040\000T\000r\000a\000i\000n}{section.226}% 43
\BOOKMARK [2][-]{subsection.232}{\376\377\0006\000.\0002\000.\0002\000\040\0001\000-\000D\000\040\000M\000e\000m\000r\000i\000s\000t\000o\000r\000\040\000S\000i\000m\000u\000l\000a\000t\000i\000o\000n\000\040\000U\000s\000i\000n\000g\000\040\000a\000\040\000S\000i\000n\000u\000s\000o\000i\000d}{section.226}% 44
\BOOKMARK [2][-]{subsection.237}{\376\377\0006\000.\0002\000.\0003\000\040\0001\000-\000D\000\040\000M\000e\000m\000r\000i\000s\000t\000o\000r\000\040\000S\000i\000m\000u\000l\000a\000t\000i\000o\000n\000\040\000W\000i\000t\000h\000\040\000I\000n\000c\000r\000e\000a\000s\000i\000n\000g\000\040\000C\000h\000a\000r\000g\000e\000\040\000D\000e\000n\000s\000i\000t\000y}{section.226}% 45
\BOOKMARK [0][-]{chapter.247}{\376\377\0007\000\040\0002\000-\000D\000\040\000M\000e\000m\000r\000i\000s\000t\000o\000r\000\040\000S\000i\000m\000u\000l\000a\000t\000i\000o\000n}{}% 46
\BOOKMARK [1][-]{section.248}{\376\377\0007\000.\0001\000\040\000E\000f\000f\000e\000c\000t\000\040\000o\000f\000\040\000P\000E\000D\000O\000T\000:\000P\000S\000S\000\040\000T\000h\000i\000c\000k\000n\000e\000s\000s}{chapter.247}% 47
\BOOKMARK [1][-]{section.255}{\376\377\0007\000.\0002\000\040\0002\000-\000D\000\040\000M\000e\000m\000r\000i\000s\000t\000o\000r\000\040\000S\000i\000m\000u\000l\000a\000t\000i\000o\000n\000\040\000U\000s\000i\000n\000g\000\040\000a\000\040\000P\000o\000t\000e\000n\000t\000i\000a\000l\000\040\000P\000u\000l\000s\000e\000\040\000T\000r\000a\000i\000n}{chapter.247}% 48
\BOOKMARK [1][-]{section.260}{\376\377\0007\000.\0003\000\040\0002\000-\000D\000\040\000M\000e\000m\000r\000i\000s\000t\000o\000r\000\040\000S\000i\000m\000u\000l\000a\000t\000i\000o\000n\000\040\000U\000s\000i\000n\000g\000\040\000a\000\040\000S\000i\000n\000u\000s\000o\000i\000d}{chapter.247}% 49
\BOOKMARK [1][-]{section.264}{\376\377\0007\000.\0004\000\040\000E\000x\000p\000e\000r\000i\000m\000e\000n\000t\000\040\000v\000s\000.\000\040\000S\000i\000m\000u\000l\000a\000t\000i\000o\000n}{chapter.247}% 50
\BOOKMARK [0][-]{chapter.273}{\376\377\0008\000\040\000C\000o\000n\000c\000l\000u\000s\000i\000o\000n}{}% 51
\BOOKMARK [0][-]{dummy.274}{\376\377\000B\000i\000b\000l\000i\000o\000g\000r\000a\000p\000h\000y}{}% 52
